============================= test session starts =============================
platform win32 -- Python 3.11.15, pytest-8.3.3, pluggy-1.6.0
rootdir: F:\Code\Pro Projects\Potholte Detection
plugins: anyio-4.12.1, asyncio-0.24.0
asyncio: mode=Mode.STRICT, default_loop_scope=None
collected 16 items

tests\test_api.py ................                                       [100%]

============================== warnings summary ===============================
D:\Programs\miniconda3\envs\potholepy\Lib\site-packages\ultralytics\yolo\utils\checks.py:17
  D:\Programs\miniconda3\envs\potholepy\Lib\site-packages\ultralytics\yolo\utils\checks.py:17: UserWarning: pkg_resources is deprecated as an API. See https://setuptools.pypa.io/en/latest/pkg_resources.html. The pkg_resources package is slated for removal as early as 2025-11-30. Refrain from using this package or pin to Setuptools<81.
    import pkg_resources as pkg

D:\Programs\miniconda3\envs\potholepy\Lib\site-packages\thop\profile.py:12
D:\Programs\miniconda3\envs\potholepy\Lib\site-packages\thop\profile.py:12
  D:\Programs\miniconda3\envs\potholepy\Lib\site-packages\thop\profile.py:12: DeprecationWarning: distutils Version classes are deprecated. Use packaging.version instead.
    if LooseVersion(torch.__version__) < LooseVersion("1.0.0"):

D:\Programs\miniconda3\envs\potholepy\Lib\site-packages\thop\profile.py:68
D:\Programs\miniconda3\envs\potholepy\Lib\site-packages\thop\profile.py:68
  D:\Programs\miniconda3\envs\potholepy\Lib\site-packages\thop\profile.py:68: DeprecationWarning: distutils Version classes are deprecated. Use packaging.version instead.
    if LooseVersion(torch.__version__) >= LooseVersion("1.1.0"):

-- Docs: https://docs.pytest.org/en/stable/how-to/capture-warnings.html
======================= 16 passed, 5 warnings in 48.68s =======================
